INFO  started: Metals version 0.8.0 in workspace '/home/drai06/Escritorio/dojo-scala'
INFO  time: initialize in 1.16s
WARN  no build tool detected in workspace '/home/drai06/Escritorio/dojo-scala'. The most common cause for this problem is that the editor was opened in the wrong working directory, for example if you use sbt then the workspace directory should contain build.sbt. 
WARN  no build target for: /home/drai06/Escritorio/dojo-scala/Holi.scala
INFO  no build target: using presentation compiler with only scala-library
WARN  no build target for: /home/drai06/Escritorio/dojo-scala/Holi.scala
WARN  no build target for: /home/drai06/Escritorio/dojo-scala/Holi.scala
WARN  no build target for: /home/drai06/Escritorio/dojo-scala/HolaMundo.scala
WARN  no build target for: /home/drai06/Escritorio/dojo-scala/HolaMundo.scala
WARN  no build target for: /home/drai06/Escritorio/dojo-scala/HolaMundo.scala
WARN  no build target for: /home/drai06/Escritorio/dojo-scala/Condicionales.scala
WARN  no build target for: /home/drai06/Escritorio/dojo-scala/Condicionales.scala
WARN  no build target for: /home/drai06/Escritorio/dojo-scala/Condicionales.scala
WARN  no build target for: /home/drai06/Escritorio/dojo-scala/Condicionales.scala
WARN  no build target for: /home/drai06/Escritorio/dojo-scala/Condicionales.scala
WARN  no build tool detected in workspace '/home/drai06/Escritorio/dojo-scala'. The most common cause for this problem is that the editor was opened in the wrong working directory, for example if you use sbt then the workspace directory should contain build.sbt. 
WARN  no build tool detected in workspace '/home/drai06/Escritorio/dojo-scala'. The most common cause for this problem is that the editor was opened in the wrong working directory, for example if you use sbt then the workspace directory should contain build.sbt. 
WARN  no build target for: /home/drai06/Escritorio/dojo-scala/Condicionales.scala
WARN  no build target for: /home/drai06/Escritorio/dojo-scala/Condicionales.scala
WARN  no build target for: /home/drai06/Escritorio/dojo-scala/Condicionales.scala
WARN  no build target for: /home/drai06/Escritorio/dojo-scala/Bucles.scala
WARN  no build target for: /home/drai06/Escritorio/dojo-scala/Bucles.scala
WARN  no build target for: /home/drai06/Escritorio/dojo-scala/Bucles.scala
WARN  no build target for: /home/drai06/Escritorio/dojo-scala/Imports.scala
something's wrong: no file:///home/drai06/Escritorio/dojo-scala/Imports.scala in Array[String]RangePosition(file:///home/drai06/Escritorio/dojo-scala/Imports.scala, 35, 35, 48)
WARN  no build target for: /home/drai06/Escritorio/dojo-scala/Imports.scala
WARN  no build target for: /home/drai06/Escritorio/dojo-scala/Imports.scala
WARN  no build target for: /home/drai06/Escritorio/dojo-scala/Imports.scala
WARN  no build target for: /home/drai06/Escritorio/dojo-scala/Ejercicio.scala
something's wrong: no file:///home/drai06/Escritorio/dojo-scala/Imports.scala in Array[String]RangePosition(file:///home/drai06/Escritorio/dojo-scala/Imports.scala, 82, 82, 95)
WARN  no build tool detected in workspace '/home/drai06/Escritorio/dojo-scala'. The most common cause for this problem is that the editor was opened in the wrong working directory, for example if you use sbt then the workspace directory should contain build.sbt. 
WARN  no build tool detected in workspace '/home/drai06/Escritorio/dojo-scala'. The most common cause for this problem is that the editor was opened in the wrong working directory, for example if you use sbt then the workspace directory should contain build.sbt. 
WARN  no build tool detected in workspace '/home/drai06/Escritorio/dojo-scala'. The most common cause for this problem is that the editor was opened in the wrong working directory, for example if you use sbt then the workspace directory should contain build.sbt. 
WARN  no build tool detected in workspace '/home/drai06/Escritorio/dojo-scala'. The most common cause for this problem is that the editor was opened in the wrong working directory, for example if you use sbt then the workspace directory should contain build.sbt. 
WARN  no build target for: /home/drai06/Escritorio/dojo-scala/Ejercicio.scala
mar. 07, 2020 6:01:27 A. M. scala.meta.internal.pc.CompilerAccess handleError
GRAVE: offset 128, count -2, length 356
java.lang.StringIndexOutOfBoundsException: offset 128, count -2, length 356
	at java.base/java.lang.String.checkBoundsOffCount(String.java:3304)
	at java.base/java.lang.String.rangeCheck(String.java:280)
	at java.base/java.lang.String.<init>(String.java:276)
	at scala.tools.nsc.interactive.Global.typeCompletions$1(Global.scala:1230)
	at scala.tools.nsc.interactive.Global.completionsAt(Global.scala:1253)
	at scala.meta.internal.pc.SignatureHelpProvider.$anonfun$treeSymbol$1(SignatureHelpProvider.scala:369)
	at scala.Option.map(Option.scala:230)
	at scala.meta.internal.pc.SignatureHelpProvider.treeSymbol(SignatureHelpProvider.scala:368)
	at scala.meta.internal.pc.SignatureHelpProvider$MethodCall$.unapply(SignatureHelpProvider.scala:197)
	at scala.meta.internal.pc.SignatureHelpProvider$MethodCallTraverser.visit(SignatureHelpProvider.scala:305)
	at scala.meta.internal.pc.SignatureHelpProvider$MethodCallTraverser.traverse(SignatureHelpProvider.scala:300)
	at scala.meta.internal.pc.SignatureHelpProvider$MethodCallTraverser.fromTree(SignatureHelpProvider.scala:269)
	at scala.meta.internal.pc.SignatureHelpProvider.signatureHelp(SignatureHelpProvider.scala:26)

WARN  no build target for: /home/drai06/Escritorio/dojo-scala/Ejercicio.scala
WARN  no build target for: /home/drai06/Escritorio/dojo-scala/Ejercicio.scala
WARN  no build target for: /home/drai06/Escritorio/dojo-scala/Ejercicio.scala
WARN  no build target for: /home/drai06/Escritorio/dojo-scala/Ejercicio.scala
WARN  no build target for: /home/drai06/Escritorio/dojo-scala/Ejercicio.scala
WARN  no build target for: /home/drai06/Escritorio/dojo-scala/Ejercicio.scala
WARN  no build target for: /home/drai06/Escritorio/dojo-scala/Funcional.scala
WARN  no build tool detected in workspace '/home/drai06/Escritorio/dojo-scala'. The most common cause for this problem is that the editor was opened in the wrong working directory, for example if you use sbt then the workspace directory should contain build.sbt. 
WARN  no build tool detected in workspace '/home/drai06/Escritorio/dojo-scala'. The most common cause for this problem is that the editor was opened in the wrong working directory, for example if you use sbt then the workspace directory should contain build.sbt. 
WARN  no build target for: /home/drai06/Escritorio/dojo-scala/Funcional.scala
WARN  no build tool detected in workspace '/home/drai06/Escritorio/dojo-scala'. The most common cause for this problem is that the editor was opened in the wrong working directory, for example if you use sbt then the workspace directory should contain build.sbt. 
WARN  no build tool detected in workspace '/home/drai06/Escritorio/dojo-scala'. The most common cause for this problem is that the editor was opened in the wrong working directory, for example if you use sbt then the workspace directory should contain build.sbt. 
WARN  no build target for: /home/drai06/Escritorio/dojo-scala/Funcional.scala
something's wrong: no file:///home/drai06/Escritorio/dojo-scala/Ejercicio.scala in Array[String]RangePosition(file:///home/drai06/Escritorio/dojo-scala/Ejercicio.scala, 37, 37, 50)
WARN  no build tool detected in workspace '/home/drai06/Escritorio/dojo-scala'. The most common cause for this problem is that the editor was opened in the wrong working directory, for example if you use sbt then the workspace directory should contain build.sbt. 
WARN  no build tool detected in workspace '/home/drai06/Escritorio/dojo-scala'. The most common cause for this problem is that the editor was opened in the wrong working directory, for example if you use sbt then the workspace directory should contain build.sbt. 
WARN  no build target for: /home/drai06/Escritorio/dojo-scala/Funcional.scala
WARN  no build target for: /home/drai06/Escritorio/dojo-scala/Funcional.scala
WARN  no build target for: /home/drai06/Escritorio/dojo-scala/Funcional.scala
WARN  no build target for: /home/drai06/Escritorio/dojo-scala/Reto2.scala
WARN  no build target for: /home/drai06/Escritorio/dojo-scala/Reto2.scala
